running egg_info
creating build/lab3_pkg/lab3_pkg.egg-info
writing build/lab3_pkg/lab3_pkg.egg-info/PKG-INFO
writing dependency_links to build/lab3_pkg/lab3_pkg.egg-info/dependency_links.txt
writing entry points to build/lab3_pkg/lab3_pkg.egg-info/entry_points.txt
writing requirements to build/lab3_pkg/lab3_pkg.egg-info/requires.txt
writing top-level names to build/lab3_pkg/lab3_pkg.egg-info/top_level.txt
writing manifest file 'build/lab3_pkg/lab3_pkg.egg-info/SOURCES.txt'
reading manifest file 'build/lab3_pkg/lab3_pkg.egg-info/SOURCES.txt'
writing manifest file 'build/lab3_pkg/lab3_pkg.egg-info/SOURCES.txt'
running build
running build_py
creating /home/angushu/CSCI-39536-Intro-to-Robotics/build/lab3_pkg/build
creating /home/angushu/CSCI-39536-Intro-to-Robotics/build/lab3_pkg/build/lib
creating /home/angushu/CSCI-39536-Intro-to-Robotics/build/lab3_pkg/build/lib/lab3_pkg
copying lab3_pkg/__init__.py -> /home/angushu/CSCI-39536-Intro-to-Robotics/build/lab3_pkg/build/lib/lab3_pkg
running install
running install_lib
creating /home/angushu/CSCI-39536-Intro-to-Robotics/install/lab3_pkg/lib/python3.12/site-packages/lab3_pkg
copying /home/angushu/CSCI-39536-Intro-to-Robotics/build/lab3_pkg/build/lib/lab3_pkg/__init__.py -> /home/angushu/CSCI-39536-Intro-to-Robotics/install/lab3_pkg/lib/python3.12/site-packages/lab3_pkg
byte-compiling /home/angushu/CSCI-39536-Intro-to-Robotics/install/lab3_pkg/lib/python3.12/site-packages/lab3_pkg/__init__.py to __init__.cpython-312.pyc
running install_data
creating /home/angushu/CSCI-39536-Intro-to-Robotics/install/lab3_pkg/share/ament_index
creating /home/angushu/CSCI-39536-Intro-to-Robotics/install/lab3_pkg/share/ament_index/resource_index
creating /home/angushu/CSCI-39536-Intro-to-Robotics/install/lab3_pkg/share/ament_index/resource_index/packages
copying resource/lab3_pkg -> /home/angushu/CSCI-39536-Intro-to-Robotics/install/lab3_pkg/share/ament_index/resource_index/packages
copying package.xml -> /home/angushu/CSCI-39536-Intro-to-Robotics/install/lab3_pkg/share/lab3_pkg
running install_egg_info
Copying build/lab3_pkg/lab3_pkg.egg-info to /home/angushu/CSCI-39536-Intro-to-Robotics/install/lab3_pkg/lib/python3.12/site-packages/lab3_pkg-0.0.0-py3.12.egg-info
running install_scripts
Installing odom_logger script to /home/angushu/CSCI-39536-Intro-to-Robotics/install/lab3_pkg/bin
Installing pd_controller script to /home/angushu/CSCI-39536-Intro-to-Robotics/install/lab3_pkg/bin
Installing plot_odom script to /home/angushu/CSCI-39536-Intro-to-Robotics/install/lab3_pkg/bin
Installing square script to /home/angushu/CSCI-39536-Intro-to-Robotics/install/lab3_pkg/bin
Installing wall_following script to /home/angushu/CSCI-39536-Intro-to-Robotics/install/lab3_pkg/bin
writing list of installed files to '/home/angushu/CSCI-39536-Intro-to-Robotics/build/lab3_pkg/install.log'
