running egg_info
writing build/lab3_pkg/lab3_pkg.egg-info/PKG-INFO
writing dependency_links to build/lab3_pkg/lab3_pkg.egg-info/dependency_links.txt
writing entry points to build/lab3_pkg/lab3_pkg.egg-info/entry_points.txt
writing requirements to build/lab3_pkg/lab3_pkg.egg-info/requires.txt
writing top-level names to build/lab3_pkg/lab3_pkg.egg-info/top_level.txt
reading manifest file 'build/lab3_pkg/lab3_pkg.egg-info/SOURCES.txt'
writing manifest file 'build/lab3_pkg/lab3_pkg.egg-info/SOURCES.txt'
running build
running build_py
running install
running install_lib
running install_data
running install_egg_info
removing '/home/angushu/CSCI-39536-Intro-to-Robotics/install/lab3_pkg/lib/python3.12/site-packages/lab3_pkg-0.0.0-py3.12.egg-info' (and everything under it)
Copying build/lab3_pkg/lab3_pkg.egg-info to /home/angushu/CSCI-39536-Intro-to-Robotics/install/lab3_pkg/lib/python3.12/site-packages/lab3_pkg-0.0.0-py3.12.egg-info
running install_scripts
Installing odom_logger script to /home/angushu/CSCI-39536-Intro-to-Robotics/install/lab3_pkg/bin
Installing pd_controller script to /home/angushu/CSCI-39536-Intro-to-Robotics/install/lab3_pkg/bin
Installing plot_odom script to /home/angushu/CSCI-39536-Intro-to-Robotics/install/lab3_pkg/bin
Installing square script to /home/angushu/CSCI-39536-Intro-to-Robotics/install/lab3_pkg/bin
Installing wall_following script to /home/angushu/CSCI-39536-Intro-to-Robotics/install/lab3_pkg/bin
writing list of installed files to '/home/angushu/CSCI-39536-Intro-to-Robotics/build/lab3_pkg/install.log'
