[0.224s] DEBUG:colcon:Command line arguments: ['/usr/bin/colcon', 'build']
[0.224s] DEBUG:colcon:Parsed command line arguments: Namespace(log_base=None, log_level=None, verb_name='build', build_base='build', install_base='install', merge_install=False, symlink_install=False, test_result_base=None, continue_on_error=False, executor='parallel', parallel_workers=8, event_handlers=None, ignore_user_meta=False, metas=['./colcon.meta'], base_paths=['.'], packages_ignore=None, packages_ignore_regex=None, paths=None, packages_up_to=None, packages_up_to_regex=None, packages_above=None, packages_above_and_dependencies=None, packages_above_depth=None, packages_select_by_dep=None, packages_skip_by_dep=None, packages_skip_up_to=None, packages_select_build_failed=False, packages_skip_build_finished=False, packages_select_test_failures=False, packages_skip_test_passed=False, packages_select=None, packages_skip=None, packages_select_regex=None, packages_skip_regex=None, packages_start=None, packages_end=None, allow_overriding=[], cmake_args=None, cmake_target=None, cmake_target_skip_unavailable=False, cmake_clean_cache=False, cmake_clean_first=False, cmake_force_configure=False, ament_cmake_args=None, catkin_cmake_args=None, catkin_skip_building_tests=False, verb_parser=<colcon_defaults.argument_parser.defaults.DefaultArgumentsDecorator object at 0xffff9330c1a0>, verb_extension=<colcon_core.verb.build.BuildVerb object at 0xffff93cde780>, main=<bound method BuildVerb.main of <colcon_core.verb.build.BuildVerb object at 0xffff93cde780>>)
[0.268s] Level 1:colcon.colcon_core.package_discovery:discover_packages(colcon_meta) check parameters
[0.269s] Level 1:colcon.colcon_core.package_discovery:discover_packages(recursive) check parameters
[0.269s] Level 1:colcon.colcon_core.package_discovery:discover_packages(ignore) check parameters
[0.269s] Level 1:colcon.colcon_core.package_discovery:discover_packages(path) check parameters
[0.269s] Level 1:colcon.colcon_core.package_discovery:discover_packages(colcon_meta) discover
[0.269s] Level 1:colcon.colcon_core.package_discovery:discover_packages(recursive) discover
[0.269s] INFO:colcon.colcon_core.package_discovery:Crawling recursively for packages in '/home/angushu/CSCI-39536-Intro-to-Robotics'
[0.269s] Level 1:colcon.colcon_core.package_identification:_identify(.) by extensions ['ignore', 'ignore_ament_install']
[0.269s] Level 1:colcon.colcon_core.package_identification:_identify(.) by extension 'ignore'
[0.269s] Level 1:colcon.colcon_core.package_identification:_identify(.) by extension 'ignore_ament_install'
[0.269s] Level 1:colcon.colcon_core.package_identification:_identify(.) by extensions ['colcon_pkg']
[0.269s] Level 1:colcon.colcon_core.package_identification:_identify(.) by extension 'colcon_pkg'
[0.269s] Level 1:colcon.colcon_core.package_identification:_identify(.) by extensions ['colcon_meta']
[0.269s] Level 1:colcon.colcon_core.package_identification:_identify(.) by extension 'colcon_meta'
[0.269s] Level 1:colcon.colcon_core.package_identification:_identify(.) by extensions ['ros']
[0.269s] Level 1:colcon.colcon_core.package_identification:_identify(.) by extension 'ros'
[0.293s] DEBUG:colcon.colcon_core.package_identification:Package '.' with type 'ros.ament_python' and name 'lab3_pkg'
[0.293s] Level 1:colcon.colcon_core.package_discovery:discover_packages(recursive) using defaults
[0.293s] Level 1:colcon.colcon_core.package_discovery:discover_packages(ignore) discover
[0.293s] Level 1:colcon.colcon_core.package_discovery:discover_packages(ignore) using defaults
[0.293s] Level 1:colcon.colcon_core.package_discovery:discover_packages(path) discover
[0.293s] Level 1:colcon.colcon_core.package_discovery:discover_packages(path) using defaults
[0.313s] Level 1:colcon.colcon_core.package_discovery:discover_packages(prefix_path) check parameters
[0.313s] Level 1:colcon.colcon_core.package_discovery:discover_packages(prefix_path) discover
[0.315s] DEBUG:colcon.colcon_installed_package_information.package_discovery:Found 383 installed packages in /opt/ros/jazzy
[0.316s] Level 1:colcon.colcon_core.package_discovery:discover_packages(prefix_path) using defaults
[0.517s] Level 5:colcon.colcon_core.verb:set package 'lab3_pkg' build argument 'cmake_args' from command line to 'None'
[0.517s] Level 5:colcon.colcon_core.verb:set package 'lab3_pkg' build argument 'cmake_target' from command line to 'None'
[0.517s] Level 5:colcon.colcon_core.verb:set package 'lab3_pkg' build argument 'cmake_target_skip_unavailable' from command line to 'False'
[0.517s] Level 5:colcon.colcon_core.verb:set package 'lab3_pkg' build argument 'cmake_clean_cache' from command line to 'False'
[0.517s] Level 5:colcon.colcon_core.verb:set package 'lab3_pkg' build argument 'cmake_clean_first' from command line to 'False'
[0.517s] Level 5:colcon.colcon_core.verb:set package 'lab3_pkg' build argument 'cmake_force_configure' from command line to 'False'
[0.517s] Level 5:colcon.colcon_core.verb:set package 'lab3_pkg' build argument 'ament_cmake_args' from command line to 'None'
[0.517s] Level 5:colcon.colcon_core.verb:set package 'lab3_pkg' build argument 'catkin_cmake_args' from command line to 'None'
[0.517s] Level 5:colcon.colcon_core.verb:set package 'lab3_pkg' build argument 'catkin_skip_building_tests' from command line to 'False'
[0.517s] DEBUG:colcon.colcon_core.verb:Building package 'lab3_pkg' with the following arguments: {'ament_cmake_args': None, 'build_base': '/home/angushu/CSCI-39536-Intro-to-Robotics/build/lab3_pkg', 'catkin_cmake_args': None, 'catkin_skip_building_tests': False, 'cmake_args': None, 'cmake_clean_cache': False, 'cmake_clean_first': False, 'cmake_force_configure': False, 'cmake_target': None, 'cmake_target_skip_unavailable': False, 'install_base': '/home/angushu/CSCI-39536-Intro-to-Robotics/install/lab3_pkg', 'merge_install': False, 'path': '/home/angushu/CSCI-39536-Intro-to-Robotics', 'symlink_install': False, 'test_result_base': None}
[0.517s] INFO:colcon.colcon_core.executor:Executing jobs using 'parallel' executor
[0.520s] DEBUG:colcon.colcon_parallel_executor.executor.parallel:run_until_complete
[0.520s] INFO:colcon.colcon_ros.task.ament_python.build:Building ROS package in '/home/angushu/CSCI-39536-Intro-to-Robotics' with build type 'ament_python'
[0.521s] Level 1:colcon.colcon_core.shell:create_environment_hook('lab3_pkg', 'ament_prefix_path')
[0.523s] INFO:colcon.colcon_core.plugin_system:Skipping extension 'colcon_core.shell.bat': Not used on non-Windows systems
[0.523s] INFO:colcon.colcon_core.shell:Creating environment hook '/home/angushu/CSCI-39536-Intro-to-Robotics/install/lab3_pkg/share/lab3_pkg/hook/ament_prefix_path.ps1'
[0.526s] INFO:colcon.colcon_core.shell:Creating environment descriptor '/home/angushu/CSCI-39536-Intro-to-Robotics/install/lab3_pkg/share/lab3_pkg/hook/ament_prefix_path.dsv'
[0.527s] INFO:colcon.colcon_core.shell:Creating environment hook '/home/angushu/CSCI-39536-Intro-to-Robotics/install/lab3_pkg/share/lab3_pkg/hook/ament_prefix_path.sh'
[0.528s] INFO:colcon.colcon_core.shell:Skip shell extension 'powershell' for command environment: Not usable outside of PowerShell
[0.528s] DEBUG:colcon.colcon_core.shell:Skip shell extension 'dsv' for command environment
[0.719s] INFO:colcon.colcon_core.task.python.build:Building Python package in '/home/angushu/CSCI-39536-Intro-to-Robotics'
[0.720s] INFO:colcon.colcon_core.shell:Skip shell extension 'powershell' for command environment: Not usable outside of PowerShell
[0.720s] DEBUG:colcon.colcon_core.shell:Skip shell extension 'dsv' for command environment
[1.220s] DEBUG:colcon.colcon_core.event_handler.log_command:Invoking command in '/home/angushu/CSCI-39536-Intro-to-Robotics': PYTHONPATH=/home/angushu/CSCI-39536-Intro-to-Robotics/build/lab3_pkg/prefix_override:/usr/lib/python3/dist-packages/colcon_core/task/python/colcon_distutils_commands:/home/angushu/CSCI-39536-Intro-to-Robotics/install/lab3_pkg/lib/python3.12/site-packages:${PYTHONPATH} /usr/bin/python3 -W ignore:setup.py install is deprecated -W ignore:easy_install command is deprecated setup.py egg_info --egg-base build/lab3_pkg build --build-base /home/angushu/CSCI-39536-Intro-to-Robotics/build/lab3_pkg/build install --record /home/angushu/CSCI-39536-Intro-to-Robotics/build/lab3_pkg/install.log --single-version-externally-managed install_data
[1.441s] DEBUG:colcon.colcon_core.event_handler.log_command:Invoked command in '/home/angushu/CSCI-39536-Intro-to-Robotics' returned '0': PYTHONPATH=/home/angushu/CSCI-39536-Intro-to-Robotics/build/lab3_pkg/prefix_override:/usr/lib/python3/dist-packages/colcon_core/task/python/colcon_distutils_commands:/home/angushu/CSCI-39536-Intro-to-Robotics/install/lab3_pkg/lib/python3.12/site-packages:${PYTHONPATH} /usr/bin/python3 -W ignore:setup.py install is deprecated -W ignore:easy_install command is deprecated setup.py egg_info --egg-base build/lab3_pkg build --build-base /home/angushu/CSCI-39536-Intro-to-Robotics/build/lab3_pkg/build install --record /home/angushu/CSCI-39536-Intro-to-Robotics/build/lab3_pkg/install.log --single-version-externally-managed install_data
[1.443s] Level 1:colcon.colcon_core.environment:checking '/home/angushu/CSCI-39536-Intro-to-Robotics/install/lab3_pkg' for CMake module files
[1.444s] Level 1:colcon.colcon_core.environment:checking '/home/angushu/CSCI-39536-Intro-to-Robotics/install/lab3_pkg' for CMake config files
[1.444s] Level 1:colcon.colcon_core.environment:checking '/home/angushu/CSCI-39536-Intro-to-Robotics/install/lab3_pkg/lib'
[1.444s] Level 1:colcon.colcon_core.environment:checking '/home/angushu/CSCI-39536-Intro-to-Robotics/install/lab3_pkg/bin'
[1.444s] Level 1:colcon.colcon_core.shell:create_environment_hook('lab3_pkg', 'path')
[1.444s] INFO:colcon.colcon_core.shell:Creating environment hook '/home/angushu/CSCI-39536-Intro-to-Robotics/install/lab3_pkg/share/lab3_pkg/hook/path.ps1'
[1.445s] INFO:colcon.colcon_core.shell:Creating environment descriptor '/home/angushu/CSCI-39536-Intro-to-Robotics/install/lab3_pkg/share/lab3_pkg/hook/path.dsv'
[1.445s] INFO:colcon.colcon_core.shell:Creating environment hook '/home/angushu/CSCI-39536-Intro-to-Robotics/install/lab3_pkg/share/lab3_pkg/hook/path.sh'
[1.445s] Level 1:colcon.colcon_core.environment:checking '/home/angushu/CSCI-39536-Intro-to-Robotics/install/lab3_pkg/lib/pkgconfig/lab3_pkg.pc'
[1.445s] Level 1:colcon.colcon_core.environment:checking '/home/angushu/CSCI-39536-Intro-to-Robotics/install/lab3_pkg/lib/python3.12/site-packages'
[1.445s] Level 1:colcon.colcon_core.shell:create_environment_hook('lab3_pkg', 'pythonpath')
[1.445s] INFO:colcon.colcon_core.shell:Creating environment hook '/home/angushu/CSCI-39536-Intro-to-Robotics/install/lab3_pkg/share/lab3_pkg/hook/pythonpath.ps1'
[1.446s] INFO:colcon.colcon_core.shell:Creating environment descriptor '/home/angushu/CSCI-39536-Intro-to-Robotics/install/lab3_pkg/share/lab3_pkg/hook/pythonpath.dsv'
[1.446s] INFO:colcon.colcon_core.shell:Creating environment hook '/home/angushu/CSCI-39536-Intro-to-Robotics/install/lab3_pkg/share/lab3_pkg/hook/pythonpath.sh'
[1.446s] Level 1:colcon.colcon_core.environment:checking '/home/angushu/CSCI-39536-Intro-to-Robotics/install/lab3_pkg/bin'
[1.447s] Level 1:colcon.colcon_core.shell:create_environment_hook('lab3_pkg', 'pythonscriptspath')
[1.447s] INFO:colcon.colcon_core.shell:Creating environment hook '/home/angushu/CSCI-39536-Intro-to-Robotics/install/lab3_pkg/share/lab3_pkg/hook/pythonscriptspath.ps1'
[1.447s] INFO:colcon.colcon_core.shell:Creating environment descriptor '/home/angushu/CSCI-39536-Intro-to-Robotics/install/lab3_pkg/share/lab3_pkg/hook/pythonscriptspath.dsv'
[1.447s] INFO:colcon.colcon_core.shell:Creating environment hook '/home/angushu/CSCI-39536-Intro-to-Robotics/install/lab3_pkg/share/lab3_pkg/hook/pythonscriptspath.sh'
[1.447s] Level 1:colcon.colcon_core.environment:create_environment_scripts_only(lab3_pkg)
[1.447s] INFO:colcon.colcon_core.shell:Creating package script '/home/angushu/CSCI-39536-Intro-to-Robotics/install/lab3_pkg/share/lab3_pkg/package.ps1'
[1.448s] INFO:colcon.colcon_core.shell:Creating package descriptor '/home/angushu/CSCI-39536-Intro-to-Robotics/install/lab3_pkg/share/lab3_pkg/package.dsv'
[1.448s] INFO:colcon.colcon_core.shell:Creating package script '/home/angushu/CSCI-39536-Intro-to-Robotics/install/lab3_pkg/share/lab3_pkg/package.sh'
[1.449s] INFO:colcon.colcon_core.shell:Creating package script '/home/angushu/CSCI-39536-Intro-to-Robotics/install/lab3_pkg/share/lab3_pkg/package.bash'
[1.449s] INFO:colcon.colcon_core.shell:Creating package script '/home/angushu/CSCI-39536-Intro-to-Robotics/install/lab3_pkg/share/lab3_pkg/package.zsh'
[1.450s] Level 1:colcon.colcon_core.environment:create_file_with_runtime_dependencies(/home/angushu/CSCI-39536-Intro-to-Robotics/install/lab3_pkg/share/colcon-core/packages/lab3_pkg)
[1.451s] DEBUG:colcon.colcon_parallel_executor.executor.parallel:closing loop
[1.451s] DEBUG:colcon.colcon_parallel_executor.executor.parallel:loop closed
[1.451s] DEBUG:colcon.colcon_parallel_executor.executor.parallel:run_until_complete finished with '0'
[1.451s] DEBUG:colcon.colcon_core.event_reactor:joining thread
[1.463s] INFO:colcon.colcon_core.plugin_system:Skipping extension 'colcon_notification.desktop_notification.terminal_notifier': Not used on non-Darwin systems
[1.463s] INFO:colcon.colcon_core.plugin_system:Skipping extension 'colcon_notification.desktop_notification.win32': Not used on non-Windows systems
[1.463s] INFO:colcon.colcon_notification.desktop_notification:Sending desktop notification using 'notify2'
[1.620s] DEBUG:colcon.colcon_core.event_reactor:joined thread
[1.620s] INFO:colcon.colcon_core.shell:Creating prefix script '/home/angushu/CSCI-39536-Intro-to-Robotics/install/local_setup.ps1'
[1.621s] INFO:colcon.colcon_core.shell:Creating prefix util module '/home/angushu/CSCI-39536-Intro-to-Robotics/install/_local_setup_util_ps1.py'
[1.621s] INFO:colcon.colcon_core.shell:Creating prefix chain script '/home/angushu/CSCI-39536-Intro-to-Robotics/install/setup.ps1'
[1.622s] INFO:colcon.colcon_core.shell:Creating prefix script '/home/angushu/CSCI-39536-Intro-to-Robotics/install/local_setup.sh'
[1.622s] INFO:colcon.colcon_core.shell:Creating prefix util module '/home/angushu/CSCI-39536-Intro-to-Robotics/install/_local_setup_util_sh.py'
[1.623s] INFO:colcon.colcon_core.shell:Creating prefix chain script '/home/angushu/CSCI-39536-Intro-to-Robotics/install/setup.sh'
[1.623s] INFO:colcon.colcon_core.shell:Creating prefix script '/home/angushu/CSCI-39536-Intro-to-Robotics/install/local_setup.bash'
[1.623s] INFO:colcon.colcon_core.shell:Creating prefix chain script '/home/angushu/CSCI-39536-Intro-to-Robotics/install/setup.bash'
[1.624s] INFO:colcon.colcon_core.shell:Creating prefix script '/home/angushu/CSCI-39536-Intro-to-Robotics/install/local_setup.zsh'
[1.625s] INFO:colcon.colcon_core.shell:Creating prefix chain script '/home/angushu/CSCI-39536-Intro-to-Robotics/install/setup.zsh'
